<?xml version="1.0" encoding="UTF-8"?>
<!-- Generated by org.testng.reporters.JUnitReportReporter -->
<testsuite hostname="LAPTOP-3BL16AQ1" failures="0" tests="6" name="Tests.LoginAndLogoutTest" time="14.640" errors="0" timestamp="2023-09-25T19:48:47 IST" skipped="0">
  <testcase classname="Tests.LoginAndLogoutTest" name="enterUsername" time="1.629"/>
  <system-out/>
  <testcase classname="Tests.LoginAndLogoutTest" name="enterPassword" time="1.157"/>
  <system-out/>
  <testcase classname="Tests.LoginAndLogoutTest" name="clickLogin" time="1.995"/>
  <system-out/>
  <testcase classname="Tests.LoginAndLogoutTest" name="clickAdmin" time="4.795"/>
  <system-out/>
  <testcase classname="Tests.LoginAndLogoutTest" name="clickUsersTab" time="2.132"/>
  <system-out/>
  <testcase classname="Tests.LoginAndLogoutTest" name="logout" time="2.932"/>
  <system-out/>
</testsuite> <!-- Tests.LoginAndLogoutTest -->
