<?xml version="1.0" encoding="UTF-8"?>
<!-- Generated by org.testng.reporters.JUnitReportReporter -->
<testsuite hostname="LAPTOP-3BL16AQ1" failures="0" tests="2" name="TestNgAttributes.Attribute_Enabled" time="3.186" errors="0" timestamp="2023-09-20T20:03:12 IST" skipped="0">
  <testcase classname="TestNgAttributes.Attribute_Enabled" name="enterCredentials" time="1.923"/>
  <system-out/>
  <testcase classname="TestNgAttributes.Attribute_Enabled" name="clickLogin" time="1.263"/>
  <system-out/>
</testsuite> <!-- TestNgAttributes.Attribute_Enabled -->
