<?xml version="1.0" encoding="UTF-8"?>
<!-- Generated by org.testng.reporters.JUnitReportReporter -->
<testsuite hostname="LAPTOP-3BL16AQ1" failures="0" tests="2" name="TestNgAttributes.Attribute_Priority" time="2.307" errors="0" timestamp="2023-09-20T20:00:46 IST" skipped="0">
  <testcase classname="TestNgAttributes.Attribute_Priority" name="enterCredentials" time="2.091"/>
  <system-out/>
  <testcase classname="TestNgAttributes.Attribute_Priority" name="clickLogin" time="0.216"/>
  <system-out/>
</testsuite> <!-- TestNgAttributes.Attribute_Priority -->
