<?xml version="1.0" encoding="UTF-8"?>
<!-- Generated by org.testng.reporters.JUnitReportReporter -->
<testsuite hostname="LAPTOP-3BL16AQ1" failures="0" tests="2" name="TestNgAttributes.Attribute_Description" time="4.180" errors="0" timestamp="2023-09-20T20:11:27 IST" skipped="0">
  <testcase classname="TestNgAttributes.Attribute_Description" name="enterCredentials" time="2.521"/>
  <system-out/>
  <testcase classname="TestNgAttributes.Attribute_Description" name="clickLogin" time="1.659"/>
  <system-out/>
</testsuite> <!-- TestNgAttributes.Attribute_Description -->
