<?xml version="1.0" encoding="UTF-8"?>
<!-- Generated by org.testng.reporters.JUnitReportReporter -->
<testsuite hostname="LAPTOP-3BL16AQ1" failures="0" tests="2" name="TestNgAttributes.Attribute_DependsOnMethods" time="2.383" errors="0" timestamp="2023-09-20T20:17:00 IST" skipped="0">
  <testcase classname="TestNgAttributes.Attribute_DependsOnMethods" name="clickLogin" time="1.537"/>
  <system-out/>
  <testcase classname="TestNgAttributes.Attribute_DependsOnMethods" name="enterCredentials" time="0.846"/>
  <system-out/>
</testsuite> <!-- TestNgAttributes.Attribute_DependsOnMethods -->
