<?xml version="1.0" encoding="UTF-8"?>
<!-- Generated by org.testng.reporters.JUnitReportReporter -->
<testsuite hostname="LAPTOP-3BL16AQ1" failures="0" tests="3" name="TestNg.Inheritance_Screenshot" time="11.176" errors="0" timestamp="2023-09-21T19:28:42 IST" skipped="0">
  <testcase classname="TestNg.Inheritance_Screenshot" name="enterUsername" time="3.665"/>
  <system-out/>
  <testcase classname="TestNg.Inheritance_Screenshot" name="enterPassword" time="0.941"/>
  <system-out/>
  <testcase classname="TestNg.Inheritance_Screenshot" name="clickLogin" time="6.570"/>
  <system-out/>
</testsuite> <!-- TestNg.Inheritance_Screenshot -->
