<?xml version="1.0" encoding="UTF-8"?>
<!-- Generated by org.testng.reporters.JUnitReportReporter -->
<testsuite hostname="LAPTOP-3BL16AQ1" failures="0" tests="14" name="TestNgAttributes.Attribute_InvocationCount" time="4.083" errors="0" timestamp="2023-09-20T20:20:23 IST" skipped="0">
  <testcase classname="TestNgAttributes.Attribute_InvocationCount" name="enterUsername" time="0.253"/>
  <system-out/>
  <testcase classname="TestNgAttributes.Attribute_InvocationCount" name="enterUsername" time="1.136"/>
  <system-out/>
  <testcase classname="TestNgAttributes.Attribute_InvocationCount" name="enterUsername" time="0.177"/>
  <system-out/>
  <testcase classname="TestNgAttributes.Attribute_InvocationCount" name="enterUsername" time="0.211"/>
  <system-out/>
  <testcase classname="TestNgAttributes.Attribute_InvocationCount" name="enterPassword" time="0.221"/>
  <system-out/>
  <testcase classname="TestNgAttributes.Attribute_InvocationCount" name="enterUsername" time="0.200"/>
  <system-out/>
  <testcase classname="TestNgAttributes.Attribute_InvocationCount" name="enterUsername" time="0.429"/>
  <system-out/>
  <testcase classname="TestNgAttributes.Attribute_InvocationCount" name="enterUsername" time="0.188"/>
  <system-out/>
  <testcase classname="TestNgAttributes.Attribute_InvocationCount" name="enterUsername" time="0.249"/>
  <system-out/>
  <testcase classname="TestNgAttributes.Attribute_InvocationCount" name="enterUsername" time="0.168"/>
  <system-out/>
  <testcase classname="TestNgAttributes.Attribute_InvocationCount" name="enterUsername" time="0.212"/>
  <system-out/>
  <testcase classname="TestNgAttributes.Attribute_InvocationCount" name="enterUsername" time="0.188"/>
  <system-out/>
  <testcase classname="TestNgAttributes.Attribute_InvocationCount" name="enterUsername" time="0.294"/>
  <system-out/>
  <testcase classname="TestNgAttributes.Attribute_InvocationCount" name="enterUsername" time="0.157"/>
  <system-out/>
</testsuite> <!-- TestNgAttributes.Attribute_InvocationCount -->
