<?xml version="1.0" encoding="UTF-8"?>
<!-- Generated by org.testng.reporters.JUnitReportReporter -->
<testsuite hostname="LAPTOP-3BL16AQ1" failures="0" tests="4" name="TestNgAssertions.SoftAssertions2" time="3.161" errors="0" timestamp="2023-09-22T19:28:58 IST" skipped="0">
  <testcase classname="TestNgAssertions.SoftAssertions2" name="verifyTitle" time="0.088"/>
  <system-out/>
  <testcase classname="TestNgAssertions.SoftAssertions2" name="enterUsername" time="1.377"/>
  <system-out/>
  <testcase classname="TestNgAssertions.SoftAssertions2" name="enterPassword" time="0.289"/>
  <system-out/>
  <testcase classname="TestNgAssertions.SoftAssertions2" name="clickLogin" time="1.407"/>
  <system-out/>
</testsuite> <!-- TestNgAssertions.SoftAssertions2 -->
