<?xml version="1.0" encoding="UTF-8"?>
<!-- Generated by org.testng.reporters.JUnitReportReporter -->
<testsuite hostname="LAPTOP-3BL16AQ1" failures="0" tests="2" name="TestNgAttributes.Attribute_Timeout" time="1.744" errors="0" timestamp="2023-09-20T20:05:24 IST" skipped="1">
  <testcase classname="TestNgAttributes.Attribute_Timeout" name="enterCredentials" time="1.744"/>
  <system-out/>
  <testcase classname="TestNgAttributes.Attribute_Timeout" name="clickLogin">
    <skipped/>
  </testcase> <!-- clickLogin -->
  <system-out/>
</testsuite> <!-- TestNgAttributes.Attribute_Timeout -->
