<?xml version="1.0" encoding="UTF-8"?>
<!-- Generated by org.testng.reporters.JUnitReportReporter -->
<testsuite hostname="LAPTOP-3BL16AQ1" failures="0" tests="4" name="TestNgAssertions.HardAssertions" time="53.538" errors="0" timestamp="2023-09-22T19:16:06 IST" skipped="0">
  <testcase classname="TestNgAssertions.HardAssertions" name="verifyTitle" time="45.871"/>
  <system-out/>
  <testcase classname="TestNgAssertions.HardAssertions" name="enterUsername" time="5.422"/>
  <system-out/>
  <testcase classname="TestNgAssertions.HardAssertions" name="enterPassword" time="0.475"/>
  <system-out/>
  <testcase classname="TestNgAssertions.HardAssertions" name="clickLogin" time="1.770"/>
  <system-out/>
</testsuite> <!-- TestNgAssertions.HardAssertions -->
