<?xml version="1.0" encoding="UTF-8"?>
<!-- Generated by org.testng.reporters.JUnitReportReporter -->
<testsuite hostname="LAPTOP-3BL16AQ1" failures="0" tests="3" name="TestNg.LoginToOrangeHRM" time="15.223" errors="0" timestamp="2023-09-19T19:59:30 IST" skipped="0">
  <testcase classname="TestNg.LoginToOrangeHRM" name="enterUsername" time="6.814"/>
  <system-out/>
  <testcase classname="TestNg.LoginToOrangeHRM" name="enterPassword" time="3.435"/>
  <system-out/>
  <testcase classname="TestNg.LoginToOrangeHRM" name="clickLogin" time="4.974"/>
  <system-out/>
</testsuite> <!-- TestNg.LoginToOrangeHRM -->
