<?xml version="1.0" encoding="UTF-8"?>
<!-- Generated by org.testng.reporters.JUnitReportReporter -->
<testsuite hostname="LAPTOP-3BL16AQ1" failures="0" tests="3" name="Tests.LoginTest" time="3.065" errors="0" timestamp="2023-09-23T19:27:02 IST" skipped="0">
  <testcase classname="Tests.LoginTest" name="enterUsername" time="1.198"/>
  <system-out/>
  <testcase classname="Tests.LoginTest" name="enterPassword" time="0.281"/>
  <system-out/>
  <testcase classname="Tests.LoginTest" name="clickLogin" time="1.586"/>
  <system-out/>
</testsuite> <!-- Tests.LoginTest -->
