<?xml version="1.0" encoding="UTF-8"?>
<!-- Generated by org.testng.reporters.JUnitReportReporter -->
<testsuite hostname="LAPTOP-3BL16AQ1" failures="0" tests="5" name="Tests.UsersTest" time="9.002" errors="0" timestamp="2023-09-23T19:43:58 IST" skipped="0">
  <testcase classname="Tests.UsersTest" name="enterUsername" time="1.653"/>
  <system-out/>
  <testcase classname="Tests.UsersTest" name="enterPassword" time="0.473"/>
  <system-out/>
  <testcase classname="Tests.UsersTest" name="clickLogin" time="2.207"/>
  <system-out/>
  <testcase classname="Tests.UsersTest" name="clickAdmin" time="3.047"/>
  <system-out/>
  <testcase classname="Tests.UsersTest" name="clickUsersTab" time="1.622"/>
  <system-out/>
</testsuite> <!-- Tests.UsersTest -->
