<?xml version="1.0" encoding="UTF-8"?>
<!-- Generated by org.testng.reporters.JUnitReportReporter -->
<testsuite hostname="LAPTOP-3BL16AQ1" failures="0" tests="3" name="TestNg.Inheritance_selenium" time="3.245" errors="0" timestamp="2023-09-20T19:19:38 IST" skipped="0">
  <testcase classname="TestNg.Inheritance_selenium" name="enterUsername" time="1.388"/>
  <system-out/>
  <testcase classname="TestNg.Inheritance_selenium" name="enterPassword" time="0.459"/>
  <system-out/>
  <testcase classname="TestNg.Inheritance_selenium" name="clickLogin" time="1.398"/>
  <system-out/>
</testsuite> <!-- TestNg.Inheritance_selenium -->
