<?xml version="1.0" encoding="UTF-8"?>
<!-- Generated by org.testng.reporters.JUnitReportReporter -->
<testsuite hostname="LAPTOP-3BL16AQ1" failures="0" tests="3" name="Tests.ListenersExample" time="3.439" errors="0" timestamp="2023-09-23T20:00:08 IST" skipped="0">
  <testcase classname="Tests.ListenersExample" name="enterUsername" time="1.477"/>
  <system-out/>
  <testcase classname="Tests.ListenersExample" name="enterPassword" time="0.334"/>
  <system-out/>
  <testcase classname="Tests.ListenersExample" name="clickLogin" time="1.628"/>
  <system-out/>
</testsuite> <!-- Tests.ListenersExample -->
