<?xml version="1.0" encoding="UTF-8"?>
<!-- Generated by org.testng.reporters.JUnitReportReporter -->
<testsuite hostname="LAPTOP-3BL16AQ1" failures="0" tests="3" name="TestNg.LoginToOrangeHRM_Edge" time="10.137" errors="0" timestamp="2023-09-19T19:59:30 IST" skipped="0">
  <testcase classname="TestNg.LoginToOrangeHRM_Edge" name="enterUsername" time="1.840"/>
  <system-out/>
  <testcase classname="TestNg.LoginToOrangeHRM_Edge" name="enterPassword" time="6.191"/>
  <system-out/>
  <testcase classname="TestNg.LoginToOrangeHRM_Edge" name="clickLogin" time="2.106"/>
  <system-out/>
</testsuite> <!-- TestNg.LoginToOrangeHRM_Edge -->
